<?xml version="1.0" encoding="UTF-8"?>
<testsuite xmlns:xsi="http://www.w3.org/2001/XMLSchema-instance" xsi:noNamespaceSchemaLocation="https://maven.apache.org/surefire/maven-surefire-plugin/xsd/surefire-test-report-3.0.xsd" version="3.0" name="com.example.users_api.UsersApiApplicationTests" time="2.818" tests="1" errors="0" skipped="0" failures="0">
  <properties>
[...]
</properties>
  <testcase name="contextLoads" classname="com.example.users_api.UsersApiApplicationTests" time="0.567">
    <system-out><![CDATA[23:48:48.356 [main] INFO org.springframework.test.context.support.AnnotationConfigContextLoaderUtils -- Could not detect default configuration classes for test class [com.example.users_api.UsersApiApplicationTests]: UsersApiApplicationTests does not declare any static, non-private, non-final, nested classes annotated with @Configuration.
23:48:48.426 [main] INFO org.springframework.boot.test.context.SpringBootTestContextBootstrapper -- Found @SpringBootConfiguration com.example.users_api.UsersApiApplication for test class com.example.users_api.UsersApiApplicationTests

  .   ____          _            __ _ _
 /\\ / ___'_ __ _ _(_)_ __  __ _ \ \ \ \
( ( )\___ | '_ | '_| | '_ \/ _` | \ \ \ \
 \\/  ___)| |_)| | | | | || (_| |  ) ) ) )
  '  |____| .__|_| |_|_| |_\__, | / / / /
 =========|_|==============|___/=/_/_/_/

 :: Spring Boot ::                (v3.3.2)

2026-03-10T23:48:48.777-06:00  INFO 5880 --- [users-api] [           main] c.e.users_api.UsersApiApplicationTests   : Starting UsersApiApplicationTests using Java 21.0.10 with PID 5880 (started by Max in C:\dev\java\users-api)
2026-03-10T23:48:48.779-06:00  INFO 5880 --- [users-api] [           main] c.e.users_api.UsersApiApplicationTests   : No active profile set, falling back to 1 default profile: "default"
2026-03-10T23:48:50.366-06:00  INFO 5880 --- [users-api] [           main] o.s.b.a.e.web.EndpointLinksResolver      : Exposing 1 endpoint beneath base path '/actuator'
2026-03-10T23:48:50.412-06:00  INFO 5880 --- [users-api] [           main] c.e.users_api.UsersApiApplicationTests   : Started UsersApiApplicationTests in 1.889 seconds (process running for 2.561)
]]></system-out>
    <system-err><![CDATA[WARNING: A Java agent has been loaded dynamically (C:\Users\emir-\.m2\repository\net\bytebuddy\byte-buddy-agent\1.14.18\byte-buddy-agent-1.14.18.jar)
WARNING: If a serviceability tool is in use, please run with -XX:+EnableDynamicAgentLoading to hide this warning
WARNING: If a serviceability tool is not in use, please run with -Djdk.instrument.traceUsage for more information
WARNING: Dynamic loading of agents will be disallowed by default in a future release
]]></system-err>
  </testcase>
</testsuite>